23:37:07.639 [main] DEBUG org.apache.poi.openxml4j.opc.PackageRelationshipCollection - Parsing relationship: /_rels/.rels
23:37:07.649 [main] DEBUG org.apache.poi.ooxml.POIXMLFactory - using default POIXMLDocumentPart for http://schemas.openxmlformats.org/officeDocument/2006/relationships/printerSettings
23:37:07.700 [main] DEBUG org.apache.poi.openxml4j.opc.PackageRelationshipCollection - Parsing relationship: /xl/_rels/workbook.xml.rels
23:37:07.705 [main] DEBUG org.apache.poi.openxml4j.opc.PackageRelationshipCollection - Parsing relationship: /xl/worksheets/_rels/sheet1.xml.rels
23:37:07.707 [main] DEBUG org.apache.poi.openxml4j.opc.PackageRelationshipCollection - Parsing relationship: /_rels/.rels
23:37:07.742 [main] DEBUG org.apache.poi.ooxml.POIXMLFactory - using default POIXMLDocumentPart for http://schemas.openxmlformats.org/officeDocument/2006/relationships/printerSettings
23:37:07.789 [main] DEBUG org.apache.poi.openxml4j.opc.PackageRelationshipCollection - Parsing relationship: /xl/_rels/workbook.xml.rels
23:37:07.795 [main] DEBUG org.apache.poi.openxml4j.opc.PackageRelationshipCollection - Parsing relationship: /xl/worksheets/_rels/sheet1.xml.rels
23:37:07.796 [main] DEBUG org.apache.poi.openxml4j.opc.PackageRelationshipCollection - Parsing relationship: /_rels/.rels
23:37:07.823 [main] DEBUG org.apache.poi.ooxml.POIXMLFactory - using default POIXMLDocumentPart for http://schemas.openxmlformats.org/officeDocument/2006/relationships/printerSettings
23:37:07.848 [main] DEBUG org.apache.poi.openxml4j.opc.PackageRelationshipCollection - Parsing relationship: /xl/_rels/workbook.xml.rels
23:37:07.866 [main] DEBUG org.apache.poi.openxml4j.opc.PackageRelationshipCollection - Parsing relationship: /xl/worksheets/_rels/sheet1.xml.rels
23:37:07.867 [main] DEBUG org.apache.poi.openxml4j.opc.PackageRelationshipCollection - Parsing relationship: /_rels/.rels
23:37:07.875 [main] DEBUG org.apache.poi.ooxml.POIXMLFactory - using default POIXMLDocumentPart for http://schemas.openxmlformats.org/officeDocument/2006/relationships/printerSettings
23:37:07.885 [main] INFO  testCases.TC003_LoginDDT - ***** starting TC003 LoginDDT *****
23:37:09.626 [main] INFO  testCases.TC003_LoginDDT - ***** finished TC003 LoginDDT *****
23:37:09.630 [main] INFO  testCases.TC003_LoginDDT - ***** starting TC003 LoginDDT *****
23:37:20.555 [main] INFO  testCases.TC003_LoginDDT - ***** finished TC003 LoginDDT *****
23:37:20.558 [main] INFO  testCases.TC003_LoginDDT - ***** starting TC003 LoginDDT *****
23:37:31.524 [main] INFO  testCases.TC003_LoginDDT - ***** finished TC003 LoginDDT *****
23:37:31.527 [main] INFO  testCases.TC003_LoginDDT - ***** starting TC003 LoginDDT *****
23:37:42.418 [main] INFO  testCases.TC003_LoginDDT - ***** finished TC003 LoginDDT *****
23:37:42.420 [main] INFO  testCases.TC003_LoginDDT - ***** starting TC003 LoginDDT *****
23:37:53.268 [main] INFO  testCases.TC003_LoginDDT - ***** finished TC003 LoginDDT *****
23:37:58.420 [main] INFO  testCases.TC004_SearchProductTest - **** Starting TC004_SearchProductTest ****
